[debug] [2022-11-19T06:06:20.959Z] ----------------------------------------------------------------------
[debug] [2022-11-19T06:06:20.963Z] Command:       C:\Program Files\nodejs\node.exe C:\Users\wanja\AppData\Roaming\npm\node_modules\firebase-tools\lib\bin\firebase.js deploy -P grosir-fe
[debug] [2022-11-19T06:06:20.964Z] CLI Version:   11.16.1
[debug] [2022-11-19T06:06:20.964Z] Platform:      win32
[debug] [2022-11-19T06:06:20.964Z] Node Version:  v16.17.1
[debug] [2022-11-19T06:06:20.966Z] Time:          Sat Nov 19 2022 13:06:20 GMT+0700 (Western Indonesia Time)
[debug] [2022-11-19T06:06:20.967Z] ----------------------------------------------------------------------
[debug] 
[debug] [2022-11-19T06:06:21.124Z] > command requires scopes: ["email","openid","https://www.googleapis.com/auth/cloudplatformprojects.readonly","https://www.googleapis.com/auth/firebase","https://www.googleapis.com/auth/cloud-platform"]
[debug] [2022-11-19T06:06:21.126Z] > authorizing via signed-in user (wan.jafar96@gmail.com)
[debug] [2022-11-19T06:06:21.126Z] [iam] checking project grosir-fe for permissions ["firebase.projects.get","firebasehosting.sites.update"]
[debug] [2022-11-19T06:06:21.131Z] >>> [apiv2][query] POST https://cloudresourcemanager.googleapis.com/v1/projects/grosir-fe:testIamPermissions [none]
[debug] [2022-11-19T06:06:21.132Z] >>> [apiv2][(partial)header] POST https://cloudresourcemanager.googleapis.com/v1/projects/grosir-fe:testIamPermissions x-goog-quota-user=projects/grosir-fe
[debug] [2022-11-19T06:06:21.132Z] >>> [apiv2][body] POST https://cloudresourcemanager.googleapis.com/v1/projects/grosir-fe:testIamPermissions {"permissions":["firebase.projects.get","firebasehosting.sites.update"]}
[debug] [2022-11-19T06:06:22.656Z] <<< [apiv2][status] POST https://cloudresourcemanager.googleapis.com/v1/projects/grosir-fe:testIamPermissions 200
[debug] [2022-11-19T06:06:22.657Z] <<< [apiv2][body] POST https://cloudresourcemanager.googleapis.com/v1/projects/grosir-fe:testIamPermissions {}
[debug] [2022-11-19T06:06:22.658Z] [iam] error while checking permissions, command may fail: FirebaseError: Authorization failed. This account is missing the following required permissions on project grosir-fe:

  firebase.projects.get
  firebasehosting.sites.update
[debug] [2022-11-19T06:06:22.661Z] >>> [apiv2][query] GET https://firebase.googleapis.com/v1beta1/projects/grosir-fe [none]
[debug] [2022-11-19T06:06:23.269Z] <<< [apiv2][status] GET https://firebase.googleapis.com/v1beta1/projects/grosir-fe 403
[debug] [2022-11-19T06:06:23.269Z] <<< [apiv2][body] GET https://firebase.googleapis.com/v1beta1/projects/grosir-fe {"error":{"code":403,"message":"The caller does not have permission","status":"PERMISSION_DENIED"}}
[debug] [2022-11-19T06:06:23.271Z] HTTP Error: 403, The caller does not have permission
[debug] [2022-11-19T06:06:23.755Z] FirebaseError: HTTP Error: 403, The caller does not have permission
    at responseToError (C:\Users\wanja\AppData\Roaming\npm\node_modules\firebase-tools\lib\responseToError.js:49:12)
    at RetryOperation._fn (C:\Users\wanja\AppData\Roaming\npm\node_modules\firebase-tools\lib\apiv2.js:288:77)
    at processTicksAndRejections (node:internal/process/task_queues:96:5)
[error] 
[error] Error: Failed to get Firebase project grosir-fe. Please make sure the project exists and your account has permission to access it.
